<?xml version="1.0" encoding="UTF-8"?>
<!-- Generated by org.testng.reporters.JUnitXMLReporter -->
<testsuite hostname="Radomir-PC" ignored="0" name="Default test" tests="5" failures="0" timestamp="2020-05-17T15:51:14 CEST" time="0.141" errors="0">
  <testcase name="getValueTest" time="0.026" classname="testNGzadatak.CalculatorTest"/>
  <testcase name="setValueTest" time="0.004" classname="testNGzadatak.CalculatorTest"/>
  <testcase name="addTest" time="0.002" classname="testNGzadatak.CalculatorTest"/>
  <testcase name="divTest" time="0.002" classname="testNGzadatak.CalculatorTest"/>
  <testcase name="divTest2" time="0.002" classname="testNGzadatak.CalculatorTest"/>
</testsuite> <!-- Default test -->
